#
# There is insufficient memory for the Java Runtime Environment to continue.
# Native memory allocation (malloc) failed to allocate 1048576 bytes for AllocateHeap
# Possible reasons:
#   The system is out of physical RAM or swap space
#   The process is running with CompressedOops enabled, and the Java Heap may be blocking the growth of the native heap
# Possible solutions:
#   Reduce memory load on the system
#   Increase physical memory or swap space
#   Check if swap backing store is full
#   Decrease Java heap size (-Xmx/-Xms)
#   Decrease number of Java threads
#   Decrease Java thread stack sizes (-Xss)
#   Set larger code cache with -XX:ReservedCodeCacheSize=
#   JVM is running with Zero Based Compressed Oops mode in which the Java heap is
#     placed in the first 32GB address space. The Java Heap base address is the
#     maximum limit for the native heap growth. Please use -XX:HeapBaseMinAddress
#     to set the Java Heap base and to place the Java Heap above 32GB virtual address.
# This output file may be truncated or incomplete.
#
#  Out of Memory Error (memory/allocation.inline.hpp:61), pid=13596, tid=0x0000000000002460
#
# JRE version:  (8.0_242-b01) (build )
# Java VM: OpenJDK 64-Bit Server VM (25.242-b01 mixed mode windows-amd64 compressed oops)
# Failed to write core dump. Minidumps are not enabled by default on client versions of Windows
#

---------------  T H R E A D  ---------------

Current thread (0x0000000002992800):  JavaThread "Unknown thread" [_thread_in_vm, id=9312, stack(0x0000000002890000,0x0000000002990000)]

Stack: [0x0000000002890000,0x0000000002990000]
[error occurred during error reporting (printing stack bounds), id 0xc0000005]

Native frames: (J=compiled Java code, j=interpreted, Vv=VM code, C=native code)


---------------  P R O C E S S  ---------------

Java Threads: ( => current thread )

Other Threads:

=>0x0000000002992800 (exited) JavaThread "Unknown thread" [_thread_in_vm, id=9312, stack(0x0000000002890000,0x0000000002990000)]

VM state:not at safepoint (normal execution)

VM Mutex/Monitor currently owned by a thread: None

heap address: 0x00000006c4400000, size: 4028 MB, Compressed Oops mode: Zero based, Oop shift amount: 3
Narrow klass base: 0x0000000000000000, Narrow klass shift: 3
Compressed class space size: 1073741824 Address: 0x00000007c0000000

Heap:
 PSYoungGen      total 75264K, used 1290K [0x000000076c180000, 0x0000000771580000, 0x00000007c0000000)
  eden space 64512K, 2% used [0x000000076c180000,0x000000076c2c2900,0x0000000770080000)
  from space 10752K, 0% used [0x0000000770b00000,0x0000000770b00000,0x0000000771580000)
  to   space 10752K, 0% used [0x0000000770080000,0x0000000770080000,0x0000000770b00000)
 ParOldGen       total 172032K, used 0K [0x00000006c4400000, 0x00000006cec00000, 0x000000076c180000)
  object space 172032K, 0% used [0x00000006c4400000,0x00000006c4400000,0x00000006cec00000)
 Metaspace       used 779K, capacity 4480K, committed 4480K, reserved 1056768K
  class space    used 74K, capacity 384K, committed 384K, reserved 1048576K

Card table byte_map: [0x0000000011e50000,0x0000000012630000] byte_map_base: 0x000000000e82e000

Marking Bits: (ParMarkBitMap*) 0x000000005edcf030
 Begin Bits: [0x0000000013370000, 0x0000000017260000)
 End Bits:   [0x0000000017260000, 0x000000001b150000)

Polling page: 0x0000000000fa0000

CodeCache: size=245760Kb used=328Kb max_used=328Kb free=245431Kb
 bounds [0x0000000002a90000, 0x0000000002d00000, 0x0000000011a90000]
 total_blobs=57 nmethods=0 adapters=38
 compilation: enabled

Compilation events (0 events):
No events

GC Heap History (0 events):
No events

Deoptimization events (0 events):
No events

Classes redefined (0 events):
No events

Internal exceptions (0 events):
No events

Events (10 events):
Event: 0.022 loading class java/lang/Short
Event: 0.022 loading class java/lang/Short done
Event: 0.022 loading class java/lang/Integer
Event: 0.022 loading class java/lang/Integer done
Event: 0.022 loading class java/lang/Long
Event: 0.022 loading class java/lang/Long done
Event: 0.023 loading class java/lang/NullPointerException
Event: 0.023 loading class java/lang/NullPointerException done
Event: 0.023 loading class java/lang/ArithmeticException
Event: 0.023 loading class java/lang/ArithmeticException done


Dynamic libraries:
0x00007ff689660000 - 0x00007ff689691000 	C:\Program Files\Android\Android Studio\jre\bin\java.exe
0x00007ff9d7f30000 - 0x00007ff9d8125000 	C:\WINDOWS\SYSTEM32\ntdll.dll
0x00007ff9a3f60000 - 0x00007ff9a3f76000 	C:\Program Files\Avast Software\Avast\aswhook.dll
0x00007ff9d7e30000 - 0x00007ff9d7eee000 	C:\WINDOWS\System32\KERNEL32.DLL
0x00007ff9d5780000 - 0x00007ff9d5a48000 	C:\WINDOWS\System32\KERNELBASE.dll
0x00007ff9d7920000 - 0x00007ff9d79ce000 	C:\WINDOWS\System32\ADVAPI32.dll
0x00007ff9d79d0000 - 0x00007ff9d7a6e000 	C:\WINDOWS\System32\msvcrt.dll
0x00007ff9d7d90000 - 0x00007ff9d7e2c000 	C:\WINDOWS\System32\sechost.dll
0x00007ff9d7b90000 - 0x00007ff9d7cb5000 	C:\WINDOWS\System32\RPCRT4.dll
0x00007ff9d7780000 - 0x00007ff9d7920000 	C:\WINDOWS\System32\USER32.dll
0x00007ff9d5c90000 - 0x00007ff9d5cb2000 	C:\WINDOWS\System32\win32u.dll
0x00007ff9d6b40000 - 0x00007ff9d6b6b000 	C:\WINDOWS\System32\GDI32.dll
0x00007ff9d5d10000 - 0x00007ff9d5e1d000 	C:\WINDOWS\System32\gdi32full.dll
0x00007ff9d5a50000 - 0x00007ff9d5aed000 	C:\WINDOWS\System32\msvcp_win.dll
0x00007ff9d5b90000 - 0x00007ff9d5c90000 	C:\WINDOWS\System32\ucrtbase.dll
0x00007ff9bfe60000 - 0x00007ff9c00fa000 	C:\WINDOWS\WinSxS\amd64_microsoft.windows.common-controls_6595b64144ccf1df_6.0.19041.1110_none_60b5254171f9507e\COMCTL32.dll
0x00007ff9d6b10000 - 0x00007ff9d6b40000 	C:\WINDOWS\System32\IMM32.DLL
0x000000005e520000 - 0x000000005e5f2000 	C:\Program Files\Android\Android Studio\jre\jre\bin\msvcr100.dll
0x000000005e600000 - 0x000000005ee4b000 	C:\Program Files\Android\Android Studio\jre\jre\bin\server\jvm.dll
0x00007ff9d6f30000 - 0x00007ff9d6f38000 	C:\WINDOWS\System32\PSAPI.DLL
0x00007ff9c8d80000 - 0x00007ff9c8d8a000 	C:\WINDOWS\SYSTEM32\VERSION.dll
0x00007ff9be6e0000 - 0x00007ff9be6e9000 	C:\WINDOWS\SYSTEM32\WSOCK32.dll
0x00007ff9d6e40000 - 0x00007ff9d6eab000 	C:\WINDOWS\System32\WS2_32.dll
0x00007ff9d3c50000 - 0x00007ff9d3c77000 	C:\WINDOWS\SYSTEM32\WINMM.dll
0x00007ff9cce10000 - 0x00007ff9cce1f000 	C:\Program Files\Android\Android Studio\jre\jre\bin\verify.dll
0x00007ff9ca160000 - 0x00007ff9ca189000 	C:\Program Files\Android\Android Studio\jre\jre\bin\java.dll
0x00007ff9ccce0000 - 0x00007ff9cccf6000 	C:\Program Files\Android\Android Studio\jre\jre\bin\zip.dll

VM Arguments:
jvm_args: -Dorg.gradle.appname=gradlew 
java_command: org.gradle.wrapper.GradleWrapperMain -q -Ptarget-platform=android-x86 -Ptarget=C:\Users\DESKTOP-11GEN\AndroidStudioProjects\expense_manager_flutter\lib\main.dart -Pbase-application-name=android.app.Application -Pdart-defines=Zmx1dHRlci5pbnNwZWN0b3Iuc3RydWN0dXJlZEVycm9ycz10cnVl,RkxVVFRFUl9XRUJfQVVUT19ERVRFQ1Q9dHJ1ZQ== -Pdart-obfuscation=false -Ptrack-widget-creation=true -Ptree-shake-icons=false -Pfilesystem-scheme=org-dartlang-root assembleDebug
java_class_path (initial): C:\Users\DESKTOP-11GEN\AndroidStudioProjects\expense_manager_flutter\android\\gradle\wrapper\gradle-wrapper.jar
Launcher Type: SUN_STANDARD

Environment Variables:
JAVA_HOME=C:\Program Files\Android\Android Studio\jre
CLASSPATH=C:\Users\DESKTOP-11GEN\AndroidStudioProjects\expense_manager_flutter\android\\gradle\wrapper\gradle-wrapper.jar
PATH=C:\WINDOWS\system32;C:\WINDOWS;C:\WINDOWS\System32\Wbem;C:\WINDOWS\System32\WindowsPowerShell\v1.0\;C:\WINDOWS\System32\OpenSSH\;C:\ProgramData\chocolatey\bin;C:\Users\DESKTOP-11GEN\AppData\Local\Microsoft\WindowsApps;C:\Users\DESKTOP-11GEN\AppData\Local\Programs\Microsoft VS Code\bin;C:\tools\dart-sdk\bin;C:\Users\DESKTOP-11GEN\AppData\Roaming\Pub\Cache\bin;C:\Users\DESKTOP-11GEN\flutter\bin;;C:\Users\DESKTOP-11GEN\flutter\bin\mingit\cmd
USERNAME=DESKTOP-11GEN
OS=Windows_NT
PROCESSOR_IDENTIFIER=Intel64 Family 6 Model 140 Stepping 1, GenuineIntel



---------------  S Y S T E M  ---------------

OS: Windows 10.0 , 64 bit Build 19041 (10.0.19041.1503)

CPU:total 8 (initial active 8) (4 cores per cpu, 2 threads per core) family 6 model 140 stepping 1, cmov, cx8, fxsr, mmx, sse, sse2, sse3, ssse3, sse4.1, sse4.2, popcnt, avx, avx2, aes, clmul, erms, 3dnowpref, lzcnt, ht, tsc, tscinvbit, bmi1, bmi2, adx

Memory: 4k page, physical 16493352k(2785072k free), swap 16493352k(5800k free)

vm_info: OpenJDK 64-Bit Server VM (25.242-b01) for windows-amd64 JRE (1.8.0_242-release-1644-b01), built by "builder" with MS VC++ 10.0 (VS2010)

time: Mon Apr 04 22:46:26 2022
timezone: Nepal Standard Time
elapsed time: 0 seconds (0d 0h 0m 0s)

